[16:00:39] [aggregator  ] INFO     ============================================================
[16:00:39] [aggregator  ] INFO       Federated Learning Demo ó AGGREGATOR
[16:00:39] [aggregator  ] INFO       Listening on http://127.0.0.1:5000
[16:00:39] [aggregator  ] INFO       Expecting 3 clients  |  10 rounds
[16:00:39] [aggregator  ] INFO     ============================================================
[16:00:39] [aggregator  ] INFO     Aggregation loop started. Waiting for all clients to register Ö
[16:00:42] [aggregator  ] INFO     Client 'client_1' registered  (n_samples=40)  [1/3 connected]
[16:00:42] [aggregator  ] INFO     Client 'client_2' registered  (n_samples=40)  [2/3 connected]
[16:00:43] [aggregator  ] INFO     Client 'client_3' registered  (n_samples=40)  [3/3 connected]
[16:00:44] [aggregator  ] INFO     All 3 clients registered. Starting federated training!
[16:00:44] [aggregator  ] INFO     ============================================================
[16:00:44] [aggregator  ] INFO     
[16:00:46] [aggregator  ] INFO       Running Federated Averaging over 3 clients Ö
[16:00:46] [aggregator  ] INFO       Round 1 complete.
[16:00:46] [aggregator  ] INFO     
[16:00:47] [aggregator  ] INFO       Running Federated Averaging over 3 clients Ö
[16:00:47] [aggregator  ] INFO       Round 2 complete.
[16:00:47] [aggregator  ] INFO     
[16:00:49] [aggregator  ] INFO       Running Federated Averaging over 3 clients Ö
[16:00:49] [aggregator  ] INFO       Round 3 complete.
[16:00:49] [aggregator  ] INFO     
[16:00:50] [aggregator  ] INFO       Running Federated Averaging over 3 clients Ö
[16:00:50] [aggregator  ] INFO       Round 4 complete.
[16:00:50] [aggregator  ] INFO     
[16:00:51] [aggregator  ] INFO       Running Federated Averaging over 3 clients Ö
[16:00:51] [aggregator  ] INFO       Round 5 complete.
[16:00:51] [aggregator  ] INFO     
[16:00:53] [aggregator  ] INFO       Running Federated Averaging over 3 clients Ö
[16:00:53] [aggregator  ] INFO       Round 6 complete.
[16:00:53] [aggregator  ] INFO     
[16:00:54] [aggregator  ] INFO       Running Federated Averaging over 3 clients Ö
[16:00:54] [aggregator  ] INFO       Round 7 complete.
[16:00:54] [aggregator  ] INFO     
[16:00:55] [aggregator  ] INFO       Running Federated Averaging over 3 clients Ö
[16:00:55] [aggregator  ] INFO       Round 8 complete.
[16:00:55] [aggregator  ] INFO     
[16:00:56] [aggregator  ] INFO       Running Federated Averaging over 3 clients Ö
[16:00:56] [aggregator  ] INFO       Round 9 complete.
[16:00:56] [aggregator  ] INFO     
[16:00:58] [aggregator  ] INFO       Running Federated Averaging over 3 clients Ö
[16:00:58] [aggregator  ] INFO       Round 10 complete.
[16:00:58] [aggregator  ] INFO     
[16:00:58] [aggregator  ] INFO     ============================================================
[16:00:58] [aggregator  ] INFO       Federated Learning COMPLETE after 10 rounds!
[16:00:58] [aggregator  ] INFO     ============================================================
[16:09:36] [aggregator  ] INFO     ============================================================
[16:09:36] [aggregator  ] INFO       Federated Learning Demo ó AGGREGATOR
[16:09:36] [aggregator  ] INFO       Listening on http://127.0.0.1:5000
[16:09:36] [aggregator  ] INFO       Expecting 3 clients  |  10 rounds
[16:09:36] [aggregator  ] INFO     ============================================================
[16:09:36] [aggregator  ] INFO     Aggregation loop started. Waiting for all clients to register Ö
[16:09:39] [aggregator  ] INFO     Client 'client_1' registered  (n_samples=40)  [1/3 connected]
[16:09:40] [aggregator  ] INFO     Client 'client_2' registered  (n_samples=40)  [2/3 connected]
[16:09:40] [aggregator  ] INFO     Client 'client_3' registered  (n_samples=40)  [3/3 connected]
[16:09:41] [aggregator  ] INFO     All 3 clients registered. Starting federated training!
[16:09:41] [aggregator  ] INFO     ============================================================
[16:09:41] [aggregator  ] INFO     
[16:09:43] [aggregator  ] INFO       Running Federated Averaging over 3 clients Ö
[16:09:43] [aggregator  ] INFO       Round 1 complete.
[16:09:43] [aggregator  ] INFO     
[01:16:39] [aggregator  ] INFO     ============================================================
[01:16:39] [aggregator  ] INFO       Federated Learning Demo ó AGGREGATOR
[01:16:39] [aggregator  ] INFO       Listening on http://127.0.0.1:5000
[01:16:39] [aggregator  ] INFO       Expecting 3 clients  |  10 rounds
[01:16:39] [aggregator  ] INFO     ============================================================
[01:16:39] [aggregator  ] INFO     Aggregation loop started. Waiting for all clients to register Ö
[01:16:39] [aggregator  ] INFO     Client 'client_1' registered  (n_samples=40)  [1/3 connected]
[01:16:39] [aggregator  ] INFO     Client 'client_2' registered  (n_samples=40)  [2/3 connected]
[01:16:40] [aggregator  ] INFO     Client 'client_3' registered  (n_samples=40)  [3/3 connected]
[01:16:41] [aggregator  ] INFO     All 3 clients registered. Starting federated training!
[01:16:41] [aggregator  ] INFO     ============================================================
[01:16:41] [aggregator  ] INFO     
[01:16:43] [aggregator  ] INFO       Running Federated Averaging over 3 clients Ö
[01:16:43] [aggregator  ] INFO       Round 1 complete.
[01:16:43] [aggregator  ] INFO     
[01:16:44] [aggregator  ] INFO       Running Federated Averaging over 3 clients Ö
[01:16:44] [aggregator  ] INFO       Round 2 complete.
[01:16:44] [aggregator  ] INFO     
[01:16:46] [aggregator  ] INFO       Running Federated Averaging over 3 clients Ö
[01:16:46] [aggregator  ] INFO       Round 3 complete.
[01:16:46] [aggregator  ] INFO     
[01:16:48] [aggregator  ] INFO       Running Federated Averaging over 3 clients Ö
[01:16:48] [aggregator  ] INFO       Round 4 complete.
[01:16:48] [aggregator  ] INFO     
[01:16:49] [aggregator  ] INFO       Running Federated Averaging over 3 clients Ö
[01:16:49] [aggregator  ] INFO       Round 5 complete.
[01:16:49] [aggregator  ] INFO     
[01:16:51] [aggregator  ] INFO       Running Federated Averaging over 3 clients Ö
[01:16:51] [aggregator  ] INFO       Round 6 complete.
[01:16:51] [aggregator  ] INFO     
[01:16:53] [aggregator  ] INFO       Running Federated Averaging over 3 clients Ö
[01:16:53] [aggregator  ] INFO       Round 7 complete.
[01:16:53] [aggregator  ] INFO     
[01:16:54] [aggregator  ] INFO       Running Federated Averaging over 3 clients Ö
[01:16:54] [aggregator  ] INFO       Round 8 complete.
[01:16:54] [aggregator  ] INFO     
[01:16:55] [aggregator  ] INFO       Running Federated Averaging over 3 clients Ö
[01:16:55] [aggregator  ] INFO       Round 9 complete.
[01:16:55] [aggregator  ] INFO     
[01:16:57] [aggregator  ] INFO       Running Federated Averaging over 3 clients Ö
[01:16:57] [aggregator  ] INFO       Round 10 complete.
[01:16:57] [aggregator  ] INFO     
[01:16:57] [aggregator  ] INFO     ============================================================
[01:16:57] [aggregator  ] INFO       Federated Learning COMPLETE after 10 rounds!
[01:16:57] [aggregator  ] INFO     ============================================================
[01:19:11] [aggregator  ] INFO     ============================================================
[01:19:11] [aggregator  ] INFO       Federated Learning Demo ó AGGREGATOR
[01:19:11] [aggregator  ] INFO       Listening on http://127.0.0.1:5000
[01:19:11] [aggregator  ] INFO       Expecting 3 clients  |  10 rounds
[01:19:11] [aggregator  ] INFO     ============================================================
[01:19:11] [aggregator  ] INFO     Aggregation loop started. Waiting for all clients to register Ö
[01:22:20] [aggregator  ] INFO     ============================================================
[01:22:20] [aggregator  ] INFO       Federated Learning Demo ó AGGREGATOR
[01:22:20] [aggregator  ] INFO       Listening on http://127.0.0.1:5000
[01:22:20] [aggregator  ] INFO       Expecting 3 clients  |  10 rounds
[01:22:20] [aggregator  ] INFO     ============================================================
[01:22:20] [aggregator  ] INFO     Aggregation loop started. Waiting for all clients to register Ö
[01:32:32] [aggregator  ] INFO     ============================================================
[01:32:32] [aggregator  ] INFO       Federated Learning Demo ó AGGREGATOR
[01:32:32] [aggregator  ] INFO       Listening on http://127.0.0.1:5000
[01:32:32] [aggregator  ] INFO       Expecting 3 clients  |  10 rounds
[01:32:32] [aggregator  ] INFO     ============================================================
[01:32:32] [aggregator  ] INFO     Aggregation loop started. Waiting for all clients to register Ö
[01:32:32] [aggregator  ] INFO     Client 'client_3' registered  (n_samples=40)  [1/3 connected]
[01:32:32] [aggregator  ] INFO     Client 'client_1' registered  (n_samples=40)  [2/3 connected]
[01:32:33] [aggregator  ] INFO     Client 'client_2' registered  (n_samples=40)  [3/3 connected]
[01:32:33] [aggregator  ] INFO     All 3 clients registered. Starting federated training!
[01:32:33] [aggregator  ] INFO     ============================================================
[01:32:33] [aggregator  ] INFO     
[01:32:36] [aggregator  ] INFO       Running Federated Averaging over 3 clients Ö
[01:32:36] [aggregator  ] INFO       Round 1 complete.
[01:32:36] [aggregator  ] INFO     
[01:32:38] [aggregator  ] INFO       Running Federated Averaging over 3 clients Ö
[01:32:38] [aggregator  ] INFO       Round 2 complete.
[01:32:38] [aggregator  ] INFO     
[01:32:40] [aggregator  ] INFO       Running Federated Averaging over 3 clients Ö
[01:32:40] [aggregator  ] INFO       Round 3 complete.
[01:32:40] [aggregator  ] INFO     
[01:32:41] [aggregator  ] INFO       Running Federated Averaging over 3 clients Ö
[01:32:41] [aggregator  ] INFO       Round 4 complete.
[01:32:41] [aggregator  ] INFO     
[01:32:42] [aggregator  ] INFO       Running Federated Averaging over 3 clients Ö
[01:32:42] [aggregator  ] INFO       Round 5 complete.
[01:32:42] [aggregator  ] INFO     
[01:32:44] [aggregator  ] INFO       Running Federated Averaging over 3 clients Ö
[01:32:44] [aggregator  ] INFO       Round 6 complete.
[01:32:44] [aggregator  ] INFO     
[01:32:45] [aggregator  ] INFO       Running Federated Averaging over 3 clients Ö
[01:32:45] [aggregator  ] INFO       Round 7 complete.
[01:32:45] [aggregator  ] INFO     
[01:32:47] [aggregator  ] INFO       Running Federated Averaging over 3 clients Ö
[01:32:47] [aggregator  ] INFO       Round 8 complete.
[01:32:47] [aggregator  ] INFO     
[01:32:49] [aggregator  ] INFO       Running Federated Averaging over 3 clients Ö
[01:32:49] [aggregator  ] INFO       Round 9 complete.
[01:32:49] [aggregator  ] INFO     
[01:32:50] [aggregator  ] INFO       Running Federated Averaging over 3 clients Ö
[01:32:50] [aggregator  ] INFO       Round 10 complete.
[01:32:50] [aggregator  ] INFO     
[01:32:50] [aggregator  ] INFO     ============================================================
[01:32:50] [aggregator  ] INFO       Federated Learning COMPLETE after 10 rounds!
[01:32:50] [aggregator  ] INFO     ============================================================
