[16:00:42] [client_2    ] INFO     ============================================================
[16:00:42] [client_2    ] INFO       Federated Learning Demo Ś CLIENT 2
[16:00:42] [client_2    ] INFO     ============================================================
[16:00:42] [client_2    ] INFO     Loading private dataset for client 2 ģ
[16:00:42] [client_2    ] INFO     Dataset loaded: 40 train samples, 10 test samples
[16:00:42] [client_2    ] INFO     Waiting for aggregator at http://127.0.0.1:5000 ģ
[16:00:42] [client_2    ] INFO     Aggregator is ready!
[16:00:42] [client_2    ] INFO     Registered with aggregator  (n_samples=40)
[16:00:42] [client_2    ] INFO       Waiting for aggregator to start next round ģ
[16:00:44] [client_2    ] INFO       Training locally for 5 epochs ģ
[16:00:44] [client_2    ] INFO       Local training done  Ś  loss=0.7069  acc=0.7250
[16:00:45] [client_2    ] INFO       Local test eval       Ś  loss=0.6801  acc=0.7000
[16:00:45] [client_2    ] INFO       Waiting for aggregator to start next round ģ
[16:00:46] [client_2    ] INFO       Training locally for 5 epochs ģ
[16:00:46] [client_2    ] INFO       Local training done  Ś  loss=0.5175  acc=0.9000
[16:00:46] [client_2    ] INFO       Local test eval       Ś  loss=0.4855  acc=0.8000
[16:00:46] [client_2    ] INFO       Waiting for aggregator to start next round ģ
[16:00:48] [client_2    ] INFO       Training locally for 5 epochs ģ
[16:00:48] [client_2    ] INFO       Local training done  Ś  loss=0.3775  acc=0.9750
[16:00:48] [client_2    ] INFO       Local test eval       Ś  loss=0.3871  acc=0.7000
[16:00:48] [client_2    ] INFO       Waiting for aggregator to start next round ģ
[16:00:50] [client_2    ] INFO       Training locally for 5 epochs ģ
[16:00:50] [client_2    ] INFO       Local training done  Ś  loss=0.2817  acc=0.9750
[16:00:50] [client_2    ] INFO       Local test eval       Ś  loss=0.2797  acc=1.0000
[16:00:50] [client_2    ] INFO       Waiting for aggregator to start next round ģ
[16:00:50] [client_2    ] INFO       Training locally for 5 epochs ģ
[16:00:50] [client_2    ] INFO       Local training done  Ś  loss=0.2009  acc=0.9750
[16:00:50] [client_2    ] INFO       Local test eval       Ś  loss=0.2088  acc=1.0000
[16:00:50] [client_2    ] INFO       Waiting for aggregator to start next round ģ
[16:00:52] [client_2    ] INFO       Training locally for 5 epochs ģ
[16:00:52] [client_2    ] INFO       Local training done  Ś  loss=0.1711  acc=0.9500
[16:00:52] [client_2    ] INFO       Local test eval       Ś  loss=0.1589  acc=1.0000
[16:00:52] [client_2    ] INFO       Waiting for aggregator to start next round ģ
[16:00:54] [client_2    ] INFO       Training locally for 5 epochs ģ
[16:00:54] [client_2    ] INFO       Local training done  Ś  loss=0.1182  acc=0.9500
[16:00:54] [client_2    ] INFO       Local test eval       Ś  loss=0.0806  acc=1.0000
[16:00:54] [client_2    ] INFO       Waiting for aggregator to start next round ģ
[16:00:54] [client_2    ] INFO       Training locally for 5 epochs ģ
[16:00:54] [client_2    ] INFO       Local training done  Ś  loss=0.1486  acc=0.9750
[16:00:54] [client_2    ] INFO       Local test eval       Ś  loss=0.0591  acc=1.0000
[16:00:54] [client_2    ] INFO       Waiting for aggregator to start next round ģ
[16:00:56] [client_2    ] INFO       Training locally for 5 epochs ģ
[16:00:56] [client_2    ] INFO       Local training done  Ś  loss=0.0981  acc=0.9750
[16:00:56] [client_2    ] INFO       Local test eval       Ś  loss=0.0581  acc=1.0000
[16:00:56] [client_2    ] INFO       Waiting for aggregator to start next round ģ
[16:00:57] [client_2    ] INFO       Training locally for 5 epochs ģ
[16:00:58] [client_2    ] INFO       Local training done  Ś  loss=0.0810  acc=0.9750
[16:00:58] [client_2    ] INFO       Local test eval       Ś  loss=0.0378  acc=1.0000
[16:00:58] [client_2    ] INFO     
[16:00:58] [client_2    ] INFO       All rounds complete! Fetching final global model ģ
[16:00:58] [client_2    ] INFO     
[16:00:58] [client_2    ] INFO     ============================================================
[16:00:58] [client_2    ] INFO       CLIENT 2 FINAL RESULTS
[16:00:58] [client_2    ] INFO       Final global model Ś test loss : 0.0288
[16:00:58] [client_2    ] INFO       Final global model Ś test acc  : 1.0000
[16:00:58] [client_2    ] INFO     ============================================================
[16:09:40] [client_2    ] INFO     ============================================================
[16:09:40] [client_2    ] INFO       Federated Learning Demo Ś CLIENT 2
[16:09:40] [client_2    ] INFO     ============================================================
[16:09:40] [client_2    ] INFO     Loading private dataset for client 2 ģ
[16:09:40] [client_2    ] INFO     Dataset loaded: 40 train samples, 10 test samples
[16:09:40] [client_2    ] INFO     Waiting for aggregator at http://127.0.0.1:5000 ģ
[16:09:40] [client_2    ] INFO     Aggregator is ready!
[16:09:40] [client_2    ] INFO     Registered with aggregator  (n_samples=40)
[16:09:40] [client_2    ] INFO       Waiting for aggregator to start next round ģ
[16:09:41] [client_2    ] INFO       Training locally for 5 epochs ģ
[16:09:42] [client_2    ] INFO       Local training done  Ś  loss=1.0873  acc=0.4250
[16:09:42] [client_2    ] INFO       Local test eval       Ś  loss=1.0905  acc=0.4000
[16:09:42] [client_2    ] INFO       Waiting for aggregator to start next round ģ
