[16:00:43] [client_3    ] INFO     ============================================================
[16:00:43] [client_3    ] INFO       Federated Learning Demo — CLIENT 3
[16:00:43] [client_3    ] INFO     ============================================================
[16:00:43] [client_3    ] INFO     Loading private dataset for client 3 …
[16:00:43] [client_3    ] INFO     Dataset loaded: 40 train samples, 10 test samples
[16:00:43] [client_3    ] INFO     Waiting for aggregator at http://127.0.0.1:5000 …
[16:00:43] [client_3    ] INFO     Aggregator is ready!
[16:00:43] [client_3    ] INFO     Registered with aggregator  (n_samples=40)
[16:00:43] [client_3    ] INFO       Waiting for aggregator to start next round …
[16:00:44] [client_3    ] INFO       Training locally for 5 epochs …
[16:00:45] [client_3    ] INFO       Local training done  —  loss=0.6880  acc=0.7500
[16:00:45] [client_3    ] INFO       Local test eval       —  loss=0.6411  acc=0.8000
[16:00:45] [client_3    ] INFO       Waiting for aggregator to start next round …
[16:00:47] [client_3    ] INFO       Training locally for 5 epochs …
[16:00:47] [client_3    ] INFO       Local training done  —  loss=0.4383  acc=0.7500
[16:00:47] [client_3    ] INFO       Local test eval       —  loss=0.4202  acc=0.8000
[16:00:47] [client_3    ] INFO       Waiting for aggregator to start next round …
[16:00:49] [client_3    ] INFO       Training locally for 5 epochs …
[16:00:49] [client_3    ] INFO       Local training done  —  loss=0.3413  acc=0.9750
[16:00:49] [client_3    ] INFO       Local test eval       —  loss=0.3651  acc=0.9000
[16:00:49] [client_3    ] INFO       Waiting for aggregator to start next round …
[16:00:49] [client_3    ] INFO       Training locally for 5 epochs …
[16:00:49] [client_3    ] INFO       Local training done  —  loss=0.2709  acc=0.9750
[16:00:49] [client_3    ] INFO       Local test eval       —  loss=0.3195  acc=0.9000
[16:00:49] [client_3    ] INFO       Waiting for aggregator to start next round …
[16:00:51] [client_3    ] INFO       Training locally for 5 epochs …
[16:00:51] [client_3    ] INFO       Local training done  —  loss=0.1880  acc=1.0000
[16:00:51] [client_3    ] INFO       Local test eval       —  loss=0.2998  acc=0.9000
[16:00:51] [client_3    ] INFO       Waiting for aggregator to start next round …
[16:00:52] [client_3    ] INFO       Training locally for 5 epochs …
[16:00:52] [client_3    ] INFO       Local training done  —  loss=0.1333  acc=0.9500
[16:00:53] [client_3    ] INFO       Local test eval       —  loss=0.2850  acc=0.9000
[16:00:53] [client_3    ] INFO       Waiting for aggregator to start next round …
[16:00:53] [client_3    ] INFO       Training locally for 5 epochs …
[16:00:53] [client_3    ] INFO       Local training done  —  loss=0.1096  acc=0.9500
[16:00:53] [client_3    ] INFO       Local test eval       —  loss=0.3522  acc=0.9000
[16:00:53] [client_3    ] INFO       Waiting for aggregator to start next round …
[16:00:54] [client_3    ] INFO       Training locally for 5 epochs …
[16:00:55] [client_3    ] INFO       Local training done  —  loss=0.0833  acc=0.9750
[16:00:55] [client_3    ] INFO       Local test eval       —  loss=0.3087  acc=0.9000
[16:00:55] [client_3    ] INFO       Waiting for aggregator to start next round …
[16:00:56] [client_3    ] INFO       Training locally for 5 epochs …
[16:00:56] [client_3    ] INFO       Local training done  —  loss=0.0595  acc=1.0000
[16:00:56] [client_3    ] INFO       Local test eval       —  loss=0.3390  acc=0.9000
[16:00:56] [client_3    ] INFO       Waiting for aggregator to start next round …
[16:00:56] [client_3    ] INFO       Training locally for 5 epochs …
[16:00:57] [client_3    ] INFO       Local training done  —  loss=0.0567  acc=1.0000
[16:00:57] [client_3    ] INFO       Local test eval       —  loss=0.3168  acc=0.9000
[16:00:57] [client_3    ] INFO     
[16:00:57] [client_3    ] INFO       All rounds complete! Fetching final global model …
[16:00:57] [client_3    ] INFO     
[16:00:57] [client_3    ] INFO     ============================================================
[16:00:57] [client_3    ] INFO       CLIENT 3 FINAL RESULTS
[16:00:57] [client_3    ] INFO       Final global model — test loss : 0.2927
[16:00:57] [client_3    ] INFO       Final global model — test acc  : 0.9000
[16:00:57] [client_3    ] INFO     ============================================================
[16:09:40] [client_3    ] INFO     ============================================================
[16:09:40] [client_3    ] INFO       Federated Learning Demo — CLIENT 3
[16:09:40] [client_3    ] INFO     ============================================================
[16:09:40] [client_3    ] INFO     Loading private dataset for client 3 …
[16:09:40] [client_3    ] INFO     Dataset loaded: 40 train samples, 10 test samples
[16:09:40] [client_3    ] INFO     Waiting for aggregator at http://127.0.0.1:5000 …
[16:09:40] [client_3    ] INFO     Aggregator is ready!
[16:09:40] [client_3    ] INFO     Registered with aggregator  (n_samples=40)
[16:09:40] [client_3    ] INFO       Waiting for aggregator to start next round …
[16:09:42] [client_3    ] INFO       Training locally for 5 epochs …
[16:09:43] [client_3    ] INFO       Local training done  —  loss=0.9756  acc=0.5000
[16:09:43] [client_3    ] INFO       Local test eval       —  loss=0.9087  acc=0.8000
[16:09:43] [client_3    ] INFO       Waiting for aggregator to start next round …
[01:16:40] [client_3    ] INFO     ============================================================
[01:16:40] [client_3    ] INFO       Federated Learning Demo — CLIENT 3
[01:16:40] [client_3    ] INFO     ============================================================
[01:16:40] [client_3    ] INFO     Loading private dataset for client 3 …
[01:16:40] [client_3    ] INFO     Dataset loaded: 40 train samples, 10 test samples
[01:16:40] [client_3    ] INFO     Waiting for aggregator at http://127.0.0.1:5000 …
[01:16:40] [client_3    ] INFO     Aggregator is ready!
[01:16:40] [client_3    ] INFO     Registered with aggregator  (n_samples=40)
[01:16:40] [client_3    ] INFO       Waiting for aggregator to start next round …
[01:16:41] [client_3    ] INFO       Training locally for 5 epochs …
[01:16:42] [client_3    ] INFO       Local training done  —  loss=0.9994  acc=0.7000
[01:16:42] [client_3    ] INFO       Local test eval       —  loss=0.9891  acc=0.5000
[01:16:42] [client_3    ] INFO       Waiting for aggregator to start next round …
[01:16:44] [client_3    ] INFO       Training locally for 5 epochs …
[01:16:44] [client_3    ] INFO       Local training done  —  loss=0.8543  acc=0.7250
[01:16:44] [client_3    ] INFO       Local test eval       —  loss=0.8317  acc=0.6000
[01:16:44] [client_3    ] INFO       Waiting for aggregator to start next round …
[01:16:46] [client_3    ] INFO       Training locally for 5 epochs …
[01:16:46] [client_3    ] INFO       Local training done  —  loss=0.7019  acc=0.7500
[01:16:46] [client_3    ] INFO       Local test eval       —  loss=0.6705  acc=0.8000
[01:16:46] [client_3    ] INFO       Waiting for aggregator to start next round …
[01:16:48] [client_3    ] INFO       Training locally for 5 epochs …
[01:16:48] [client_3    ] INFO       Local training done  —  loss=0.6080  acc=0.7500
[01:16:48] [client_3    ] INFO       Local test eval       —  loss=0.5930  acc=0.8000
[01:16:48] [client_3    ] INFO       Waiting for aggregator to start next round …
[01:16:48] [client_3    ] INFO       Training locally for 5 epochs …
[01:16:49] [client_3    ] INFO       Local training done  —  loss=0.5571  acc=0.7750
[01:16:49] [client_3    ] INFO       Local test eval       —  loss=0.5457  acc=0.8000
[01:16:49] [client_3    ] INFO       Waiting for aggregator to start next round …
[01:16:50] [client_3    ] INFO       Training locally for 5 epochs …
[01:16:51] [client_3    ] INFO       Local training done  —  loss=0.5280  acc=0.8000
[01:16:51] [client_3    ] INFO       Local test eval       —  loss=0.5194  acc=0.8000
[01:16:51] [client_3    ] INFO       Waiting for aggregator to start next round …
[01:16:52] [client_3    ] INFO       Training locally for 5 epochs …
[01:16:53] [client_3    ] INFO       Local training done  —  loss=0.5082  acc=0.7750
[01:16:53] [client_3    ] INFO       Local test eval       —  loss=0.5003  acc=0.8000
[01:16:53] [client_3    ] INFO       Waiting for aggregator to start next round …
[01:16:53] [client_3    ] INFO       Training locally for 5 epochs …
[01:16:53] [client_3    ] INFO       Local training done  —  loss=0.4942  acc=0.8000
[01:16:53] [client_3    ] INFO       Local test eval       —  loss=0.4894  acc=0.8000
[01:16:53] [client_3    ] INFO       Waiting for aggregator to start next round …
[01:16:55] [client_3    ] INFO       Training locally for 5 epochs …
[01:16:55] [client_3    ] INFO       Local training done  —  loss=0.4833  acc=0.8000
[01:16:55] [client_3    ] INFO       Local test eval       —  loss=0.4794  acc=0.8000
[01:16:55] [client_3    ] INFO       Waiting for aggregator to start next round …
[01:16:57] [client_3    ] INFO       Training locally for 5 epochs …
[01:16:57] [client_3    ] INFO       Local training done  —  loss=0.4746  acc=0.8000
[01:16:57] [client_3    ] INFO       Local test eval       —  loss=0.4710  acc=0.8000
[01:16:57] [client_3    ] INFO     
[01:16:57] [client_3    ] INFO       All rounds complete! Fetching final global model …
[01:16:57] [client_3    ] INFO     
[01:16:57] [client_3    ] INFO     ============================================================
[01:16:57] [client_3    ] INFO       CLIENT 3 FINAL RESULTS
[01:16:57] [client_3    ] INFO       Final global model — test loss : 0.4841
[01:16:57] [client_3    ] INFO       Final global model — test acc  : 0.6000
[01:16:57] [client_3    ] INFO     ============================================================
[01:31:44] [client_3    ] INFO     ============================================================
[01:31:44] [client_3    ] INFO       Federated Learning Demo — CLIENT 3
[01:31:44] [client_3    ] INFO     ============================================================
[01:31:44] [client_3    ] INFO     Loading private dataset for client 3 …
[01:31:44] [client_3    ] INFO     Dataset loaded: 40 train samples, 10 test samples
[01:31:44] [client_3    ] INFO     Waiting for aggregator at http://127.0.0.1:5000 …
[01:32:32] [client_3    ] INFO     Aggregator is ready!
[01:32:32] [client_3    ] INFO     Registered with aggregator  (n_samples=40)
[01:32:32] [client_3    ] INFO       Waiting for aggregator to start next round …
[01:32:34] [client_3    ] INFO       Training locally for 5 epochs …
[01:32:35] [client_3    ] INFO       Local training done  —  loss=1.0491  acc=0.4000
[01:32:36] [client_3    ] INFO       Local test eval       —  loss=0.9750  acc=0.4000
[01:32:36] [client_3    ] INFO       Waiting for aggregator to start next round …
[01:32:37] [client_3    ] INFO       Training locally for 5 epochs …
[01:32:38] [client_3    ] INFO       Local training done  —  loss=0.7129  acc=0.7500
[01:32:38] [client_3    ] INFO       Local test eval       —  loss=0.6695  acc=0.8000
[01:32:38] [client_3    ] INFO       Waiting for aggregator to start next round …
[01:32:39] [client_3    ] INFO       Training locally for 5 epochs …
[01:32:40] [client_3    ] INFO       Local training done  —  loss=0.4635  acc=0.7500
[01:32:40] [client_3    ] INFO       Local test eval       —  loss=0.4228  acc=0.8000
[01:32:40] [client_3    ] INFO       Waiting for aggregator to start next round …
[01:32:40] [client_3    ] INFO       Training locally for 5 epochs …
[01:32:40] [client_3    ] INFO       Local training done  —  loss=0.3514  acc=0.7500
[01:32:40] [client_3    ] INFO       Local test eval       —  loss=0.3518  acc=0.8000
[01:32:40] [client_3    ] INFO       Waiting for aggregator to start next round …
[01:32:42] [client_3    ] INFO       Training locally for 5 epochs …
[01:32:42] [client_3    ] INFO       Local training done  —  loss=0.2446  acc=0.9500
[01:32:42] [client_3    ] INFO       Local test eval       —  loss=0.2943  acc=0.9000
[01:32:42] [client_3    ] INFO       Waiting for aggregator to start next round …
[01:32:44] [client_3    ] INFO       Training locally for 5 epochs …
[01:32:44] [client_3    ] INFO       Local training done  —  loss=0.1471  acc=0.9750
[01:32:44] [client_3    ] INFO       Local test eval       —  loss=0.2583  acc=0.9000
[01:32:44] [client_3    ] INFO       Waiting for aggregator to start next round …
[01:32:44] [client_3    ] INFO       Training locally for 5 epochs …
[01:32:45] [client_3    ] INFO       Local training done  —  loss=0.0958  acc=1.0000
[01:32:45] [client_3    ] INFO       Local test eval       —  loss=0.2518  acc=0.9000
[01:32:45] [client_3    ] INFO       Waiting for aggregator to start next round …
[01:32:46] [client_3    ] INFO       Training locally for 5 epochs …
[01:32:47] [client_3    ] INFO       Local training done  —  loss=0.0716  acc=0.9750
[01:32:47] [client_3    ] INFO       Local test eval       —  loss=0.3212  acc=0.9000
[01:32:47] [client_3    ] INFO       Waiting for aggregator to start next round …
[01:32:48] [client_3    ] INFO       Training locally for 5 epochs …
[01:32:49] [client_3    ] INFO       Local training done  —  loss=0.0775  acc=0.9500
[01:32:49] [client_3    ] INFO       Local test eval       —  loss=0.2607  acc=0.9000
[01:32:49] [client_3    ] INFO       Waiting for aggregator to start next round …
[01:32:49] [client_3    ] INFO       Training locally for 5 epochs …
[01:32:49] [client_3    ] INFO       Local training done  —  loss=0.0674  acc=0.9750
[01:32:49] [client_3    ] INFO       Local test eval       —  loss=0.3771  acc=0.8000
[01:32:49] [client_3    ] INFO     
[01:32:49] [client_3    ] INFO       All rounds complete! Fetching final global model …
[01:32:49] [client_3    ] INFO     
[01:32:49] [client_3    ] INFO     ============================================================
[01:32:49] [client_3    ] INFO       CLIENT 3 FINAL RESULTS
[01:32:49] [client_3    ] INFO       Final global model — test loss : 0.2525
[01:32:49] [client_3    ] INFO       Final global model — test acc  : 0.9000
[01:32:49] [client_3    ] INFO     ============================================================
