[16:00:42] [client_1    ] INFO     ============================================================
[16:00:42] [client_1    ] INFO       Federated Learning Demo — CLIENT 1
[16:00:42] [client_1    ] INFO     ============================================================
[16:00:42] [client_1    ] INFO     Loading private dataset for client 1 …
[16:00:42] [client_1    ] INFO     Dataset loaded: 40 train samples, 10 test samples
[16:00:42] [client_1    ] INFO     Waiting for aggregator at http://127.0.0.1:5000 …
[16:00:42] [client_1    ] INFO     Aggregator is ready!
[16:00:42] [client_1    ] INFO     Registered with aggregator  (n_samples=40)
[16:00:42] [client_1    ] INFO       Waiting for aggregator to start next round …
[16:00:45] [client_1    ] INFO       Training locally for 5 epochs …
[16:00:45] [client_1    ] INFO       Local training done  —  loss=0.7491  acc=0.6750
[16:00:46] [client_1    ] INFO       Local test eval       —  loss=0.8093  acc=0.6000
[16:00:46] [client_1    ] INFO       Waiting for aggregator to start next round …
[16:00:47] [client_1    ] INFO       Training locally for 5 epochs …
[16:00:47] [client_1    ] INFO       Local training done  —  loss=0.5664  acc=0.6500
[16:00:47] [client_1    ] INFO       Local test eval       —  loss=0.5053  acc=0.7000
[16:00:47] [client_1    ] INFO       Waiting for aggregator to start next round …
[16:00:47] [client_1    ] INFO       Training locally for 5 epochs …
[16:00:48] [client_1    ] INFO       Local training done  —  loss=0.4294  acc=0.9750
[16:00:48] [client_1    ] INFO       Local test eval       —  loss=0.4266  acc=0.9000
[16:00:48] [client_1    ] INFO       Waiting for aggregator to start next round …
[16:00:49] [client_1    ] INFO       Training locally for 5 epochs …
[16:00:49] [client_1    ] INFO       Local training done  —  loss=0.3277  acc=0.9750
[16:00:49] [client_1    ] INFO       Local test eval       —  loss=0.3227  acc=0.9000
[16:00:49] [client_1    ] INFO       Waiting for aggregator to start next round …
[16:00:51] [client_1    ] INFO       Training locally for 5 epochs …
[16:00:51] [client_1    ] INFO       Local training done  —  loss=0.2509  acc=1.0000
[16:00:51] [client_1    ] INFO       Local test eval       —  loss=0.2619  acc=0.9000
[16:00:51] [client_1    ] INFO       Waiting for aggregator to start next round …
[16:00:51] [client_1    ] INFO       Training locally for 5 epochs …
[16:00:51] [client_1    ] INFO       Local training done  —  loss=0.1878  acc=0.9750
[16:00:51] [client_1    ] INFO       Local test eval       —  loss=0.2272  acc=0.9000
[16:00:51] [client_1    ] INFO       Waiting for aggregator to start next round …
[16:00:53] [client_1    ] INFO       Training locally for 5 epochs …
[16:00:53] [client_1    ] INFO       Local training done  —  loss=0.1540  acc=0.9750
[16:00:53] [client_1    ] INFO       Local test eval       —  loss=0.1929  acc=0.9000
[16:00:53] [client_1    ] INFO       Waiting for aggregator to start next round …
[16:00:55] [client_1    ] INFO       Training locally for 5 epochs …
[16:00:55] [client_1    ] INFO       Local training done  —  loss=0.1130  acc=1.0000
[16:00:55] [client_1    ] INFO       Local test eval       —  loss=0.1784  acc=0.9000
[16:00:55] [client_1    ] INFO       Waiting for aggregator to start next round …
[16:00:55] [client_1    ] INFO       Training locally for 5 epochs …
[16:00:55] [client_1    ] INFO       Local training done  —  loss=0.1013  acc=1.0000
[16:00:55] [client_1    ] INFO       Local test eval       —  loss=0.1713  acc=0.9000
[16:00:55] [client_1    ] INFO       Waiting for aggregator to start next round …
[16:00:57] [client_1    ] INFO       Training locally for 5 epochs …
[16:00:57] [client_1    ] INFO       Local training done  —  loss=0.0788  acc=1.0000
[16:00:57] [client_1    ] INFO       Local test eval       —  loss=0.1748  acc=0.9000
[16:00:57] [client_1    ] INFO     
[16:00:57] [client_1    ] INFO       All rounds complete! Fetching final global model …
[16:00:57] [client_1    ] INFO     
[16:00:57] [client_1    ] INFO     ============================================================
[16:00:57] [client_1    ] INFO       CLIENT 1 FINAL RESULTS
[16:00:57] [client_1    ] INFO       Final global model — test loss : 0.1684
[16:00:57] [client_1    ] INFO       Final global model — test acc  : 0.9000
[16:00:57] [client_1    ] INFO     ============================================================
[16:09:39] [client_1    ] INFO     ============================================================
[16:09:39] [client_1    ] INFO       Federated Learning Demo — CLIENT 1
[16:09:39] [client_1    ] INFO     ============================================================
[16:09:39] [client_1    ] INFO     Loading private dataset for client 1 …
[16:09:39] [client_1    ] INFO     Dataset loaded: 40 train samples, 10 test samples
[16:09:39] [client_1    ] INFO     Waiting for aggregator at http://127.0.0.1:5000 …
[16:09:39] [client_1    ] INFO     Aggregator is ready!
[16:09:39] [client_1    ] INFO     Registered with aggregator  (n_samples=40)
[16:09:39] [client_1    ] INFO       Waiting for aggregator to start next round …
[16:09:42] [client_1    ] INFO       Training locally for 5 epochs …
[16:09:43] [client_1    ] INFO       Local training done  —  loss=1.0477  acc=0.3500
[16:09:43] [client_1    ] INFO       Local test eval       —  loss=1.0097  acc=0.4000
[16:09:43] [client_1    ] INFO       Waiting for aggregator to start next round …
[01:16:39] [client_1    ] INFO     ============================================================
[01:16:39] [client_1    ] INFO       Federated Learning Demo — CLIENT 1
[01:16:39] [client_1    ] INFO     ============================================================
[01:16:39] [client_1    ] INFO     Loading private dataset for client 1 …
[01:16:39] [client_1    ] INFO     Dataset loaded: 40 train samples, 10 test samples
[01:16:39] [client_1    ] INFO     Waiting for aggregator at http://127.0.0.1:5000 …
[01:16:39] [client_1    ] INFO     Aggregator is ready!
[01:16:39] [client_1    ] INFO     Registered with aggregator  (n_samples=40)
[01:16:39] [client_1    ] INFO       Waiting for aggregator to start next round …
[01:16:42] [client_1    ] INFO       Training locally for 5 epochs …
[01:16:43] [client_1    ] INFO       Local training done  —  loss=1.0483  acc=0.6500
[01:16:43] [client_1    ] INFO       Local test eval       —  loss=1.0288  acc=0.9000
[01:16:43] [client_1    ] INFO       Waiting for aggregator to start next round …
[01:16:43] [client_1    ] INFO       Training locally for 5 epochs …
[01:16:43] [client_1    ] INFO       Local training done  —  loss=0.9306  acc=0.6500
[01:16:43] [client_1    ] INFO       Local test eval       —  loss=0.9132  acc=0.7000
[01:16:43] [client_1    ] INFO       Waiting for aggregator to start next round …
[01:16:45] [client_1    ] INFO       Training locally for 5 epochs …
[01:16:45] [client_1    ] INFO       Local training done  —  loss=0.7966  acc=0.7000
[01:16:45] [client_1    ] INFO       Local test eval       —  loss=0.7857  acc=0.7000
[01:16:45] [client_1    ] INFO       Waiting for aggregator to start next round …
[01:16:47] [client_1    ] INFO       Training locally for 5 epochs …
[01:16:47] [client_1    ] INFO       Local training done  —  loss=0.7019  acc=0.6500
[01:16:47] [client_1    ] INFO       Local test eval       —  loss=0.6985  acc=0.8000
[01:16:47] [client_1    ] INFO       Waiting for aggregator to start next round …
[01:16:49] [client_1    ] INFO       Training locally for 5 epochs …
[01:16:49] [client_1    ] INFO       Local training done  —  loss=0.6518  acc=0.6500
[01:16:49] [client_1    ] INFO       Local test eval       —  loss=0.6440  acc=0.8000
[01:16:49] [client_1    ] INFO       Waiting for aggregator to start next round …
[01:16:49] [client_1    ] INFO       Training locally for 5 epochs …
[01:16:50] [client_1    ] INFO       Local training done  —  loss=0.6193  acc=0.6750
[01:16:50] [client_1    ] INFO       Local test eval       —  loss=0.6132  acc=0.7000
[01:16:50] [client_1    ] INFO       Waiting for aggregator to start next round …
[01:16:51] [client_1    ] INFO       Training locally for 5 epochs …
[01:16:52] [client_1    ] INFO       Local training done  —  loss=0.5970  acc=0.6750
[01:16:52] [client_1    ] INFO       Local test eval       —  loss=0.5955  acc=0.7000
[01:16:52] [client_1    ] INFO       Waiting for aggregator to start next round …
[01:16:53] [client_1    ] INFO       Training locally for 5 epochs …
[01:16:54] [client_1    ] INFO       Local training done  —  loss=0.5803  acc=0.6500
[01:16:54] [client_1    ] INFO       Local test eval       —  loss=0.5805  acc=0.6000
[01:16:54] [client_1    ] INFO       Waiting for aggregator to start next round …
[01:16:54] [client_1    ] INFO       Training locally for 5 epochs …
[01:16:54] [client_1    ] INFO       Local training done  —  loss=0.5678  acc=0.6500
[01:16:54] [client_1    ] INFO       Local test eval       —  loss=0.5689  acc=0.6000
[01:16:54] [client_1    ] INFO       Waiting for aggregator to start next round …
[01:16:56] [client_1    ] INFO       Training locally for 5 epochs …
[01:16:56] [client_1    ] INFO       Local training done  —  loss=0.5575  acc=0.6500
[01:16:56] [client_1    ] INFO       Local test eval       —  loss=0.5579  acc=0.6000
[01:16:56] [client_1    ] INFO     
[01:16:56] [client_1    ] INFO       All rounds complete! Fetching final global model …
[01:16:56] [client_1    ] INFO     
[01:16:56] [client_1    ] INFO     ============================================================
[01:16:56] [client_1    ] INFO       CLIENT 1 FINAL RESULTS
[01:16:56] [client_1    ] INFO       Final global model — test loss : 0.5689
[01:16:56] [client_1    ] INFO       Final global model — test acc  : 0.6000
[01:16:56] [client_1    ] INFO     ============================================================
[01:31:02] [client_1    ] INFO     ============================================================
[01:31:02] [client_1    ] INFO       Federated Learning Demo — CLIENT 1
[01:31:02] [client_1    ] INFO     ============================================================
[01:31:02] [client_1    ] INFO     Loading private dataset for client 1 …
[01:31:02] [client_1    ] INFO     Dataset loaded: 40 train samples, 10 test samples
[01:31:02] [client_1    ] INFO     Waiting for aggregator at http://127.0.0.1:5000 …
[01:32:32] [client_1    ] INFO     Aggregator is ready!
[01:32:32] [client_1    ] INFO     Registered with aggregator  (n_samples=40)
[01:32:32] [client_1    ] INFO       Waiting for aggregator to start next round …
[01:32:34] [client_1    ] INFO       Training locally for 5 epochs …
[01:32:35] [client_1    ] INFO       Local training done  —  loss=0.9913  acc=0.7000
[01:32:36] [client_1    ] INFO       Local test eval       —  loss=0.9882  acc=0.6000
[01:32:36] [client_1    ] INFO       Waiting for aggregator to start next round …
[01:32:37] [client_1    ] INFO       Training locally for 5 epochs …
[01:32:38] [client_1    ] INFO       Local training done  —  loss=0.7399  acc=0.6500
[01:32:38] [client_1    ] INFO       Local test eval       —  loss=0.7353  acc=0.6000
[01:32:38] [client_1    ] INFO       Waiting for aggregator to start next round …
[01:32:38] [client_1    ] INFO       Training locally for 5 epochs …
[01:32:38] [client_1    ] INFO       Local training done  —  loss=0.5316  acc=0.6500
[01:32:38] [client_1    ] INFO       Local test eval       —  loss=0.5066  acc=0.7000
[01:32:38] [client_1    ] INFO       Waiting for aggregator to start next round …
[01:32:40] [client_1    ] INFO       Training locally for 5 epochs …
[01:32:40] [client_1    ] INFO       Local training done  —  loss=0.4348  acc=0.8500
[01:32:40] [client_1    ] INFO       Local test eval       —  loss=0.4197  acc=0.9000
[01:32:40] [client_1    ] INFO       Waiting for aggregator to start next round …
[01:32:42] [client_1    ] INFO       Training locally for 5 epochs …
[01:32:42] [client_1    ] INFO       Local training done  —  loss=0.3519  acc=0.8750
[01:32:42] [client_1    ] INFO       Local test eval       —  loss=0.3302  acc=0.9000
[01:32:42] [client_1    ] INFO       Waiting for aggregator to start next round …
[01:32:42] [client_1    ] INFO       Training locally for 5 epochs …
[01:32:43] [client_1    ] INFO       Local training done  —  loss=0.2344  acc=0.9750
[01:32:43] [client_1    ] INFO       Local test eval       —  loss=0.2406  acc=0.9000
[01:32:43] [client_1    ] INFO       Waiting for aggregator to start next round …
[01:32:45] [client_1    ] INFO       Training locally for 5 epochs …
[01:32:45] [client_1    ] INFO       Local training done  —  loss=0.1553  acc=0.9750
[01:32:45] [client_1    ] INFO       Local test eval       —  loss=0.2015  acc=1.0000
[01:32:45] [client_1    ] INFO       Waiting for aggregator to start next round …
[01:32:47] [client_1    ] INFO       Training locally for 5 epochs …
[01:32:47] [client_1    ] INFO       Local training done  —  loss=0.1321  acc=0.9500
[01:32:47] [client_1    ] INFO       Local test eval       —  loss=0.2575  acc=0.9000
[01:32:47] [client_1    ] INFO       Waiting for aggregator to start next round …
[01:32:47] [client_1    ] INFO       Training locally for 5 epochs …
[01:32:47] [client_1    ] INFO       Local training done  —  loss=0.1100  acc=0.9750
[01:32:47] [client_1    ] INFO       Local test eval       —  loss=0.1638  acc=0.9000
[01:32:48] [client_1    ] INFO       Waiting for aggregator to start next round …
[01:32:49] [client_1    ] INFO       Training locally for 5 epochs …
[01:32:49] [client_1    ] INFO       Local training done  —  loss=0.0900  acc=0.9750
[01:32:50] [client_1    ] INFO       Local test eval       —  loss=0.1616  acc=0.9000
[01:32:50] [client_1    ] INFO     
[01:32:50] [client_1    ] INFO       All rounds complete! Fetching final global model …
[01:32:50] [client_1    ] INFO     
[01:32:50] [client_1    ] INFO     ============================================================
[01:32:50] [client_1    ] INFO       CLIENT 1 FINAL RESULTS
[01:32:50] [client_1    ] INFO       Final global model — test loss : 0.1589
[01:32:50] [client_1    ] INFO       Final global model — test acc  : 0.9000
[01:32:50] [client_1    ] INFO     ============================================================
